[debug] [2024-05-27T18:30:59.027Z] ----------------------------------------------------------------------
[debug] [2024-05-27T18:30:59.029Z] Command:       C:\Program Files\nodejs\node.exe C:\Users\Pedro Bernardes\AppData\Roaming\npm\node_modules\firebase-tools\lib\bin\firebase.js init hosting
[debug] [2024-05-27T18:30:59.029Z] CLI Version:   13.10.0
[debug] [2024-05-27T18:30:59.029Z] Platform:      win32
[debug] [2024-05-27T18:30:59.030Z] Node Version:  v20.11.0
[debug] [2024-05-27T18:30:59.030Z] Time:          Mon May 27 2024 15:30:59 GMT-0300 (Horário Padrão de Brasília)
[debug] [2024-05-27T18:30:59.030Z] ----------------------------------------------------------------------
[debug] 
[debug] [2024-05-27T18:30:59.109Z] > command requires scopes: ["email","openid","https://www.googleapis.com/auth/cloudplatformprojects.readonly","https://www.googleapis.com/auth/firebase","https://www.googleapis.com/auth/cloud-platform"]
[debug] [2024-05-27T18:30:59.109Z] > authorizing via signed-in user (bernardespedro32@gmail.com)
[info] 
     ######## #### ########  ######## ########     ###     ######  ########
     ##        ##  ##     ## ##       ##     ##  ##   ##  ##       ##
     ######    ##  ########  ######   ########  #########  ######  ######
     ##        ##  ##    ##  ##       ##     ## ##     ##       ## ##
     ##       #### ##     ## ######## ########  ##     ##  ######  ########

You're about to initialize a Firebase project in this directory:

  C:\Users\Pedro Bernardes\Documents\meu-portfolio

Before we get started, keep in mind:

  * You are initializing within an existing Firebase project directory

[info] 
=== Project Setup
[info] 
[info] First, let's associate this project directory with a Firebase project.
[info] You can create multiple project aliases by running firebase use --add, 
[info] but for now we'll just set up a default project.
[info] 
[debug] [2024-05-27T18:31:11.482Z] Using project from CLI flag: meu-portfolio
[debug] [2024-05-27T18:31:11.485Z] >>> [apiv2][query] GET https://firebase.googleapis.com/v1beta1/projects/meu-portfolio [none]
[debug] [2024-05-27T18:31:12.124Z] <<< [apiv2][status] GET https://firebase.googleapis.com/v1beta1/projects/meu-portfolio 403
[debug] [2024-05-27T18:31:12.124Z] <<< [apiv2][body] GET https://firebase.googleapis.com/v1beta1/projects/meu-portfolio {"error":{"code":403,"message":"The caller does not have permission","status":"PERMISSION_DENIED"}}
[debug] [2024-05-27T18:31:12.125Z] HTTP Error: 403, The caller does not have permission
[debug] [2024-05-27T18:31:12.282Z] FirebaseError: HTTP Error: 403, The caller does not have permission
    at responseToError (C:\Users\Pedro Bernardes\AppData\Roaming\npm\node_modules\firebase-tools\lib\responseToError.js:49:12)
    at RetryOperation._fn (C:\Users\Pedro Bernardes\AppData\Roaming\npm\node_modules\firebase-tools\lib\apiv2.js:305:77)
    at process.processTicksAndRejections (node:internal/process/task_queues:95:5)
[error] 
[error] Error: Failed to get Firebase project meu-portfolio. Please make sure the project exists and your account has permission to access it.
